06-30 19:39:06 replicate_layout.action_replicate_layout 305:Plugin executed on: 'darwin'
06-30 19:39:06 replicate_layout.action_replicate_layout 306:Plugin executed with python version: '2.7.16 (default, May 14 2020, 09:34:58) \n[GCC 4.2.1 Compatible Apple LLVM 9.0.0 (clang-900.0.39.2)]'
06-30 19:39:06 replicate_layout.action_replicate_layout 307:KiCad build version: (5.1.6-0-10_14)
06-30 19:39:06 replicate_layout.action_replicate_layout 308:Replicate layout plugin version: 64 started
06-30 19:39:06 replicate_layout.action_replicate_layout 340:Preparing replicator with C4 as a reference
06-30 19:39:06 replicate_layout.replicatelayout 211:getting project hierarchy from schematics
06-30 19:39:06 replicate_layout.replicatelayout 213:Project hierarchy looks like:
{'5EF27E4C': ['sheet5EF27E47', u'/Users/tommy/Dropbox/poly_555/555_astable.sch'], '5EF6060B': ['sheet5EF60555', u'/Users/tommy/Dropbox/poly_555/555_astable.sch'], '5EF6055A': ['sheet5EF60550', u'/Users/tommy/Dropbox/poly_555/555_astable.sch'], '5EF605A2': ['sheet5EF60552', u'/Users/tommy/Dropbox/poly_555/555_astable.sch'], '5EF605C5': ['sheet5EF60553', u'/Users/tommy/Dropbox/poly_555/555_astable.sch'], '5EF605E8': ['sheet5EF60554', u'/Users/tommy/Dropbox/poly_555/555_astable.sch'], '5EF7A07F': ['sheet5EF7A07A', u'/Users/tommy/Dropbox/poly_555/555_astable.sch'], '5EF2B213': ['sheet5EF2B20E', u'/Users/tommy/Dropbox/poly_555/555_astable.sch'], '5EF17819': ['sheet5EF17814', u'/Users/tommy/Dropbox/poly_555/555_astable.sch'], '60F4E92A': ['555_astable', u'/Users/tommy/Dropbox/poly_555/555_astable.sch'], '5EF23030': ['sheet5EF2302B', u'/Users/tommy/Dropbox/poly_555/555_astable.sch'], '5EF6057F': ['sheet5EF60551', u'/Users/tommy/Dropbox/poly_555/555_astable.sch'], '5EF259E1': ['sheet5EF259DC', u'/Users/tommy/Dropbox/poly_555/555_astable.sch']}
06-30 19:39:06 replicate_layout.replicatelayout 221:getting a list of all footprints on board
06-30 19:39:06 replicate_layout.action_replicate_layout 367:source anchor footprint is u'C4'
Located on:['555_astable']
With filenames:[u'555_astable.sch']
With sheet_id:['555_astable']
06-30 19:39:06 replicate_layout.action_replicate_layout 371:Corresponding footprints are 
[(u'C4', ['555_astable']), (u'C7', ['sheet5EF17814']), (u'C10', ['sheet5EF2302B']), (u'C13', ['sheet5EF259DC']), (u'C16', ['sheet5EF27E47']), (u'C19', ['sheet5EF2B20E']), (u'C22', ['sheet5EF60550']), (u'C25', ['sheet5EF60551']), (u'C28', ['sheet5EF60552']), (u'C31', ['sheet5EF60553']), (u'C34', ['sheet5EF60554']), (u'C37', ['sheet5EF60555']), (u'C40', ['sheet5EF7A07A'])]
06-30 19:39:06 replicate_layout.action_replicate_layout 384:Showing dialog
06-30 19:39:06 replicate_layout.action_replicate_layout 388:Pcbnew position: wx.Point(640, 20)
06-30 19:39:06 replicate_layout.action_replicate_layout 394:Display 0: wx.Rect(0, 0, 1920, 1080)
06-30 19:39:06 replicate_layout.action_replicate_layout 398:Toolbar position: wx.Point(1718, 114)
06-30 19:39:06 replicate_layout.action_replicate_layout 405:Dialog position: wx.Point(1405, 114)
06-30 19:39:08 replicate_layout.replicatelayout 245:construcing a list of sheets suitable for replication on level:'555_astable', file:u'555_astable.sch'
06-30 19:39:08 replicate_layout.replicatelayout 252:Source sheet path up to the level:['555_astable']
06-30 19:39:08 replicate_layout.replicatelayout 256:Footprints on the sheets:
[u'C4', u'C7', u'C10', u'C13', u'C16', u'C19', u'C22', u'C25', u'C28', u'C31', u'C34', u'C37', u'C40']
06-30 19:39:08 replicate_layout.replicatelayout 259:Footprints raw sheet ids:
[u'/60F4E92A/60F6EAC0', u'/5EF17819/60F6EAC0', u'/5EF23030/60F6EAC0', u'/5EF259E1/60F6EAC0', u'/5EF27E4C/60F6EAC0', u'/5EF2B213/60F6EAC0', u'/5EF6055A/60F6EAC0', u'/5EF6057F/60F6EAC0', u'/5EF605A2/60F6EAC0', u'/5EF605C5/60F6EAC0', u'/5EF605E8/60F6EAC0', u'/5EF6060B/60F6EAC0', u'/5EF7A07F/60F6EAC0']
06-30 19:39:08 replicate_layout.replicatelayout 275:All sheets to replicate:
[['555_astable'], ['sheet5EF17814'], ['sheet5EF2302B'], ['sheet5EF259DC'], ['sheet5EF27E47'], ['sheet5EF2B20E'], ['sheet5EF60550'], ['sheet5EF60551'], ['sheet5EF60552'], ['sheet5EF60553'], ['sheet5EF60554'], ['sheet5EF60555'], ['sheet5EF7A07A']]
06-30 19:39:08 replicate_layout.replicatelayout 280:All sheets to replicate sorted:
[['555_astable'], ['sheet5EF17814'], ['sheet5EF2302B'], ['sheet5EF259DC'], ['sheet5EF27E47'], ['sheet5EF2B20E'], ['sheet5EF60550'], ['sheet5EF60551'], ['sheet5EF60552'], ['sheet5EF60553'], ['sheet5EF60554'], ['sheet5EF60555'], ['sheet5EF7A07A']]
06-30 19:39:08 replicate_layout.replicatelayout 286:All sheets to replicate sorted and without source sheet:
[['sheet5EF17814'], ['sheet5EF2302B'], ['sheet5EF259DC'], ['sheet5EF27E47'], ['sheet5EF2B20E'], ['sheet5EF60550'], ['sheet5EF60551'], ['sheet5EF60552'], ['sheet5EF60553'], ['sheet5EF60554'], ['sheet5EF60555'], ['sheet5EF7A07A']]
06-30 19:39:17 replicate_layout.replicatelayout 245:construcing a list of sheets suitable for replication on level:'555_astable', file:u'555_astable.sch'
06-30 19:39:17 replicate_layout.replicatelayout 252:Source sheet path up to the level:['555_astable']
06-30 19:39:17 replicate_layout.replicatelayout 256:Footprints on the sheets:
[u'C4', u'C7', u'C10', u'C13', u'C16', u'C19', u'C22', u'C25', u'C28', u'C31', u'C34', u'C37', u'C40']
06-30 19:39:17 replicate_layout.replicatelayout 259:Footprints raw sheet ids:
[u'/60F4E92A/60F6EAC0', u'/5EF17819/60F6EAC0', u'/5EF23030/60F6EAC0', u'/5EF259E1/60F6EAC0', u'/5EF27E4C/60F6EAC0', u'/5EF2B213/60F6EAC0', u'/5EF6055A/60F6EAC0', u'/5EF6057F/60F6EAC0', u'/5EF605A2/60F6EAC0', u'/5EF605C5/60F6EAC0', u'/5EF605E8/60F6EAC0', u'/5EF6060B/60F6EAC0', u'/5EF7A07F/60F6EAC0']
06-30 19:39:17 replicate_layout.replicatelayout 275:All sheets to replicate:
[['555_astable'], ['sheet5EF17814'], ['sheet5EF2302B'], ['sheet5EF259DC'], ['sheet5EF27E47'], ['sheet5EF2B20E'], ['sheet5EF60550'], ['sheet5EF60551'], ['sheet5EF60552'], ['sheet5EF60553'], ['sheet5EF60554'], ['sheet5EF60555'], ['sheet5EF7A07A']]
06-30 19:39:17 replicate_layout.replicatelayout 280:All sheets to replicate sorted:
[['555_astable'], ['sheet5EF17814'], ['sheet5EF2302B'], ['sheet5EF259DC'], ['sheet5EF27E47'], ['sheet5EF2B20E'], ['sheet5EF60550'], ['sheet5EF60551'], ['sheet5EF60552'], ['sheet5EF60553'], ['sheet5EF60554'], ['sheet5EF60555'], ['sheet5EF7A07A']]
06-30 19:39:17 replicate_layout.replicatelayout 286:All sheets to replicate sorted and without source sheet:
[['sheet5EF17814'], ['sheet5EF2302B'], ['sheet5EF259DC'], ['sheet5EF27E47'], ['sheet5EF2B20E'], ['sheet5EF60550'], ['sheet5EF60551'], ['sheet5EF60552'], ['sheet5EF60553'], ['sheet5EF60554'], ['sheet5EF60555'], ['sheet5EF7A07A']]
06-30 19:39:17 replicate_layout.action_replicate_layout 179:Replicating layout
06-30 19:39:17 replicate_layout.replicatelayout 986:Starting replication of sheets: [['sheet5EF17814'], ['sheet5EF2302B'], ['sheet5EF259DC'], ['sheet5EF27E47'], ['sheet5EF2B20E'], ['sheet5EF60550'], ['sheet5EF60551'], ['sheet5EF60552'], ['sheet5EF60553'], ['sheet5EF60554'], ['sheet5EF60555'], ['sheet5EF7A07A']]
on level: ['555_astable']
with tracks=True, zone=True, text=True, containing=False, remove=True, locked=True
06-30 19:39:17 root 261:updating GUI message: 'Preparing for replication'
06-30 19:39:17 replicate_layout.replicatelayout 552:Getting the list of source footprints
06-30 19:39:17 root 266:updating GUI with: 0
06-30 19:39:17 replicate_layout.replicatelayout 556:Getting the list of all the remaining footprints
06-30 19:39:17 replicate_layout.replicatelayout 560:Getting nets local to source footprints
06-30 19:39:17 replicate_layout.replicatelayout 564:Getting source bounding box
06-30 19:39:17 root 266:updating GUI with: 37
06-30 19:39:17 replicate_layout.replicatelayout 568:Getting source tracks
06-30 19:39:17 replicate_layout.replicatelayout 572:Getting source zones
06-30 19:39:17 root 266:updating GUI with: 62
06-30 19:39:17 replicate_layout.replicatelayout 576:Getting source text items
06-30 19:39:17 replicate_layout.replicatelayout 580:Getting source text items
06-30 19:39:17 replicate_layout.replicatelayout 1014:Removing tracks and zones, before module placement
06-30 19:39:17 root 261:updating GUI message: 'Removing zones and tracks'
06-30 19:39:17 root 266:updating GUI with: 0
06-30 19:39:17 root 266:updating GUI with: 8
06-30 19:39:17 root 266:updating GUI with: 16
06-30 19:39:17 root 266:updating GUI with: 25
06-30 19:39:17 root 266:updating GUI with: 33
06-30 19:39:17 root 266:updating GUI with: 41
06-30 19:39:18 root 266:updating GUI with: 50
06-30 19:39:18 root 266:updating GUI with: 58
06-30 19:39:18 root 266:updating GUI with: 66
06-30 19:39:18 root 266:updating GUI with: 75
06-30 19:39:18 root 266:updating GUI with: 83
06-30 19:39:18 root 266:updating GUI with: 91
06-30 19:39:18 root 261:updating GUI message: 'Replicating footprints'
06-30 19:39:18 root 266:updating GUI with: 0
06-30 19:39:18 replicate_layout.replicatelayout 586:Replicating footprints
06-30 19:39:18 replicate_layout.replicatelayout 592:Replicating footprints on sheet ['sheet5EF17814']
06-30 19:39:18 root 266:updating GUI with: 2
06-30 19:39:18 replicate_layout.replicatelayout 592:Replicating footprints on sheet ['sheet5EF2302B']
06-30 19:39:18 root 266:updating GUI with: 10
06-30 19:39:18 root 266:updating GUI with: 16
06-30 19:39:18 replicate_layout.replicatelayout 592:Replicating footprints on sheet ['sheet5EF259DC']
06-30 19:39:18 root 266:updating GUI with: 24
06-30 19:39:18 replicate_layout.replicatelayout 592:Replicating footprints on sheet ['sheet5EF27E47']
06-30 19:39:18 root 266:updating GUI with: 31
06-30 19:39:18 replicate_layout.replicatelayout 592:Replicating footprints on sheet ['sheet5EF2B20E']
06-30 19:39:18 root 266:updating GUI with: 38
06-30 19:39:18 replicate_layout.replicatelayout 592:Replicating footprints on sheet ['sheet5EF60550']
06-30 19:39:18 root 266:updating GUI with: 45
06-30 19:39:18 replicate_layout.replicatelayout 592:Replicating footprints on sheet ['sheet5EF60551']
06-30 19:39:18 root 266:updating GUI with: 52
06-30 19:39:18 replicate_layout.replicatelayout 592:Replicating footprints on sheet ['sheet5EF60552']
06-30 19:39:18 root 266:updating GUI with: 59
06-30 19:39:18 root 266:updating GUI with: 65
06-30 19:39:18 replicate_layout.replicatelayout 592:Replicating footprints on sheet ['sheet5EF60553']
06-30 19:39:18 root 266:updating GUI with: 73
06-30 19:39:18 replicate_layout.replicatelayout 592:Replicating footprints on sheet ['sheet5EF60554']
06-30 19:39:18 root 266:updating GUI with: 80
06-30 19:39:18 replicate_layout.replicatelayout 592:Replicating footprints on sheet ['sheet5EF60555']
06-30 19:39:18 root 266:updating GUI with: 88
06-30 19:39:18 replicate_layout.replicatelayout 592:Replicating footprints on sheet ['sheet5EF7A07A']
06-30 19:39:18 root 266:updating GUI with: 94
06-30 19:39:18 replicate_layout.replicatelayout 1022:Removing tracks and zones, after module placement
06-30 19:39:18 root 261:updating GUI message: 'Removing zones and tracks'
06-30 19:39:18 root 266:updating GUI with: 0
06-30 19:39:18 root 266:updating GUI with: 16
06-30 19:39:18 root 266:updating GUI with: 33
06-30 19:39:18 root 266:updating GUI with: 50
06-30 19:39:18 root 266:updating GUI with: 66
06-30 19:39:18 root 266:updating GUI with: 83
06-30 19:39:18 root 261:updating GUI message: 'Replicating tracks'
06-30 19:39:18 root 266:updating GUI with: 0
06-30 19:39:18 replicate_layout.replicatelayout 712:Replicating tracks
06-30 19:39:18 replicate_layout.replicatelayout 718:Replicating tracks on sheet ['sheet5EF17814']
06-30 19:39:18 root 266:updating GUI with: 0
06-30 19:39:18 replicate_layout.replicatelayout 718:Replicating tracks on sheet ['sheet5EF2302B']
06-30 19:39:18 replicate_layout.replicatelayout 718:Replicating tracks on sheet ['sheet5EF259DC']
06-30 19:39:18 root 266:updating GUI with: 16
06-30 19:39:18 replicate_layout.replicatelayout 718:Replicating tracks on sheet ['sheet5EF27E47']
06-30 19:39:18 replicate_layout.replicatelayout 718:Replicating tracks on sheet ['sheet5EF2B20E']
06-30 19:39:18 root 266:updating GUI with: 33
06-30 19:39:18 replicate_layout.replicatelayout 718:Replicating tracks on sheet ['sheet5EF60550']
06-30 19:39:18 replicate_layout.replicatelayout 718:Replicating tracks on sheet ['sheet5EF60551']
06-30 19:39:18 root 266:updating GUI with: 50
06-30 19:39:18 replicate_layout.replicatelayout 718:Replicating tracks on sheet ['sheet5EF60552']
06-30 19:39:18 replicate_layout.replicatelayout 718:Replicating tracks on sheet ['sheet5EF60553']
06-30 19:39:18 root 266:updating GUI with: 66
06-30 19:39:18 replicate_layout.replicatelayout 718:Replicating tracks on sheet ['sheet5EF60554']
06-30 19:39:18 replicate_layout.replicatelayout 718:Replicating tracks on sheet ['sheet5EF60555']
06-30 19:39:18 root 266:updating GUI with: 83
06-30 19:39:18 replicate_layout.replicatelayout 718:Replicating tracks on sheet ['sheet5EF7A07A']
06-30 19:39:18 root 261:updating GUI message: 'Replicating zones'
06-30 19:39:18 replicate_layout.replicatelayout 763:Replicating zones
06-30 19:39:18 root 266:updating GUI with: 0
06-30 19:39:18 replicate_layout.replicatelayout 770:Replicating zones on sheet ['sheet5EF17814']
06-30 19:39:18 replicate_layout.replicatelayout 770:Replicating zones on sheet ['sheet5EF2302B']
06-30 19:39:18 replicate_layout.replicatelayout 770:Replicating zones on sheet ['sheet5EF259DC']
06-30 19:39:18 root 266:updating GUI with: 25
06-30 19:39:18 replicate_layout.replicatelayout 770:Replicating zones on sheet ['sheet5EF27E47']
06-30 19:39:18 replicate_layout.replicatelayout 770:Replicating zones on sheet ['sheet5EF2B20E']
06-30 19:39:18 root 266:updating GUI with: 41
06-30 19:39:18 replicate_layout.replicatelayout 770:Replicating zones on sheet ['sheet5EF60550']
06-30 19:39:18 replicate_layout.replicatelayout 770:Replicating zones on sheet ['sheet5EF60551']
06-30 19:39:18 root 266:updating GUI with: 58
06-30 19:39:18 replicate_layout.replicatelayout 770:Replicating zones on sheet ['sheet5EF60552']
06-30 19:39:18 replicate_layout.replicatelayout 770:Replicating zones on sheet ['sheet5EF60553']
06-30 19:39:18 root 266:updating GUI with: 75
06-30 19:39:18 replicate_layout.replicatelayout 770:Replicating zones on sheet ['sheet5EF60554']
06-30 19:39:18 replicate_layout.replicatelayout 770:Replicating zones on sheet ['sheet5EF60555']
06-30 19:39:18 root 266:updating GUI with: 91
06-30 19:39:18 replicate_layout.replicatelayout 770:Replicating zones on sheet ['sheet5EF7A07A']
06-30 19:39:18 root 261:updating GUI message: 'Replicating text'
06-30 19:39:18 replicate_layout.replicatelayout 829:Replicating text
06-30 19:39:18 root 266:updating GUI with: 0
06-30 19:39:18 replicate_layout.replicatelayout 836:Replicating text on sheet ['sheet5EF17814']
06-30 19:39:18 replicate_layout.replicatelayout 836:Replicating text on sheet ['sheet5EF2302B']
06-30 19:39:18 replicate_layout.replicatelayout 836:Replicating text on sheet ['sheet5EF259DC']
06-30 19:39:18 replicate_layout.replicatelayout 836:Replicating text on sheet ['sheet5EF27E47']
06-30 19:39:18 replicate_layout.replicatelayout 836:Replicating text on sheet ['sheet5EF2B20E']
06-30 19:39:18 replicate_layout.replicatelayout 836:Replicating text on sheet ['sheet5EF60550']
06-30 19:39:18 replicate_layout.replicatelayout 836:Replicating text on sheet ['sheet5EF60551']
06-30 19:39:18 replicate_layout.replicatelayout 836:Replicating text on sheet ['sheet5EF60552']
06-30 19:39:18 replicate_layout.replicatelayout 836:Replicating text on sheet ['sheet5EF60553']
06-30 19:39:18 replicate_layout.replicatelayout 836:Replicating text on sheet ['sheet5EF60554']
06-30 19:39:18 replicate_layout.replicatelayout 836:Replicating text on sheet ['sheet5EF60555']
06-30 19:39:18 replicate_layout.replicatelayout 836:Replicating text on sheet ['sheet5EF7A07A']
06-30 19:39:18 root 261:updating GUI message: 'Replicating drawings'
06-30 19:39:18 replicate_layout.replicatelayout 860:Replicating drawings
06-30 19:39:18 replicate_layout.replicatelayout 866:Replicating drawings on sheet ['sheet5EF17814']
06-30 19:39:18 root 266:updating GUI with: 8
06-30 19:39:18 replicate_layout.replicatelayout 866:Replicating drawings on sheet ['sheet5EF2302B']
06-30 19:39:18 replicate_layout.replicatelayout 866:Replicating drawings on sheet ['sheet5EF259DC']
06-30 19:39:18 replicate_layout.replicatelayout 866:Replicating drawings on sheet ['sheet5EF27E47']
06-30 19:39:18 replicate_layout.replicatelayout 866:Replicating drawings on sheet ['sheet5EF2B20E']
06-30 19:39:18 replicate_layout.replicatelayout 866:Replicating drawings on sheet ['sheet5EF60550']
06-30 19:39:18 replicate_layout.replicatelayout 866:Replicating drawings on sheet ['sheet5EF60551']
06-30 19:39:18 replicate_layout.replicatelayout 866:Replicating drawings on sheet ['sheet5EF60552']
06-30 19:39:18 replicate_layout.replicatelayout 866:Replicating drawings on sheet ['sheet5EF60553']
06-30 19:39:18 replicate_layout.replicatelayout 866:Replicating drawings on sheet ['sheet5EF60554']
06-30 19:39:18 replicate_layout.replicatelayout 866:Replicating drawings on sheet ['sheet5EF60555']
06-30 19:39:18 replicate_layout.replicatelayout 866:Replicating drawings on sheet ['sheet5EF7A07A']
06-30 19:39:18 root 261:updating GUI message: 'Removing duplicates'
06-30 19:39:18 replicate_layout.action_replicate_layout 201:Replication complete
