10-21 16:54:53 replicate_layout.action_replicate_layout 305:Plugin executed on: 'darwin'
10-21 16:54:53 replicate_layout.action_replicate_layout 306:Plugin executed with python version: '2.7.16 (default, May 14 2020, 09:34:58) \n[GCC 4.2.1 Compatible Apple LLVM 9.0.0 (clang-900.0.39.2)]'
10-21 16:54:53 replicate_layout.action_replicate_layout 307:KiCad build version: (5.1.6-0-10_14)
10-21 16:54:53 replicate_layout.action_replicate_layout 308:Replicate layout plugin version: 64 started
10-21 16:54:53 replicate_layout.action_replicate_layout 340:Preparing replicator with U1 as a reference
10-21 16:54:53 replicate_layout.replicatelayout 211:getting project hierarchy from schematics
10-21 16:54:53 replicate_layout.replicatelayout 213:Project hierarchy looks like:
{'5F842C0D': ['sheet5F842B33', u'/Users/tommy/Dropbox/poly_555/kicad/555_astable.sch'], '5EF27E4C': ['sheet5EF27E47', u'/Users/tommy/Dropbox/poly_555/kicad/555_astable.sch'], '5F842C29': ['sheet5F842B34', u'/Users/tommy/Dropbox/poly_555/kicad/555_astable.sch'], '5F470266': ['APC', u'/Users/tommy/Dropbox/poly_555/kicad/apc.sch'], '5F842B3B': ['sheet5F842B2D', u'/Users/tommy/Dropbox/poly_555/kicad/555_astable.sch'], '5F7AB892': ['sheet5F7AB889', u'/Users/tommy/Dropbox/poly_555/kicad/555_astable.sch'], '5F7AB8CC': ['sheet5F7AB88B', u'/Users/tommy/Dropbox/poly_555/kicad/555_astable.sch'], '5F7AB8E8': ['sheet5F7AB88C', u'/Users/tommy/Dropbox/poly_555/kicad/555_astable.sch'], '5F842BAD': ['sheet5F842B31', u'/Users/tommy/Dropbox/poly_555/kicad/555_astable.sch'], '5F842C45': ['sheet5F842B35', u'/Users/tommy/Dropbox/poly_555/kicad/555_astable.sch'], '5F7AB904': ['sheet5F7AB88D', u'/Users/tommy/Dropbox/poly_555/kicad/555_astable.sch'], '5F842B91': ['sheet5F842B30', u'/Users/tommy/Dropbox/poly_555/kicad/555_astable.sch'], '5EF17819': ['sheet5EF17814', u'/Users/tommy/Dropbox/poly_555/kicad/555_astable.sch'], '60F4E92A': ['555_astable', u'/Users/tommy/Dropbox/poly_555/kicad/555_astable.sch'], '5F842B59': ['sheet5F842B2E', u'/Users/tommy/Dropbox/poly_555/kicad/555_astable.sch'], '5F842BEF': ['sheet5F842B32', u'/Users/tommy/Dropbox/poly_555/kicad/555_astable.sch'], '5EF23030': ['sheet5EF2302B', u'/Users/tommy/Dropbox/poly_555/kicad/555_astable.sch'], '5F842C61': ['sheet5F842B36', u'/Users/tommy/Dropbox/poly_555/kicad/555_astable.sch'], '5F842B75': ['sheet5F842B2F', u'/Users/tommy/Dropbox/poly_555/kicad/555_astable.sch'], '5EF259E1': ['sheet5EF259DC', u'/Users/tommy/Dropbox/poly_555/kicad/555_astable.sch'], '5F7AB8B0': ['sheet5F7AB88A', u'/Users/tommy/Dropbox/poly_555/kicad/555_astable.sch']}
10-21 16:54:53 replicate_layout.replicatelayout 221:getting a list of all footprints on board
10-21 16:54:53 replicate_layout.action_replicate_layout 367:source anchor footprint is u'U1'
Located on:['555_astable']
With filenames:[u'555_astable.sch']
With sheet_id:['555_astable']
10-21 16:54:53 replicate_layout.action_replicate_layout 371:Corresponding footprints are 
[(u'U1', ['555_astable']), (u'U2', ['sheet5EF17814']), (u'U3', ['sheet5EF2302B']), (u'U4', ['sheet5EF259DC']), (u'U5', ['sheet5EF27E47']), (u'U6', ['sheet5F7AB889']), (u'U7', ['sheet5F7AB88A']), (u'U8', ['sheet5F7AB88B']), (u'U9', ['sheet5F7AB88C']), (u'U10', ['sheet5F7AB88D']), (u'U11', ['sheet5F842B2D']), (u'U12', ['sheet5F842B2E']), (u'U13', ['sheet5F842B2F']), (u'U14', ['sheet5F842B30']), (u'U15', ['sheet5F842B31']), (u'U16', ['sheet5F842B32']), (u'U17', ['sheet5F842B33']), (u'U18', ['sheet5F842B34']), (u'U19', ['sheet5F842B35']), (u'U20', ['sheet5F842B36'])]
10-21 16:54:53 replicate_layout.action_replicate_layout 384:Showing dialog
10-21 16:54:53 replicate_layout.action_replicate_layout 388:Pcbnew position: wx.Point(0, 23)
10-21 16:54:53 replicate_layout.action_replicate_layout 394:Display 0: wx.Rect(0, 0, 1920, 1080)
10-21 16:54:53 replicate_layout.action_replicate_layout 394:Display 1: wx.Rect(1920, 0, 1280, 800)
10-21 16:54:53 replicate_layout.action_replicate_layout 398:Toolbar position: wx.Point(1718, 117)
10-21 16:54:53 replicate_layout.action_replicate_layout 405:Dialog position: wx.Point(1405, 117)
10-21 16:54:55 replicate_layout.replicatelayout 245:construcing a list of sheets suitable for replication on level:'555_astable', file:u'555_astable.sch'
10-21 16:54:55 replicate_layout.replicatelayout 252:Source sheet path up to the level:['555_astable']
10-21 16:54:55 replicate_layout.replicatelayout 256:Footprints on the sheets:
[u'U1', u'U2', u'U3', u'U4', u'U5', u'U6', u'U7', u'U8', u'U9', u'U10', u'U11', u'U12', u'U13', u'U14', u'U15', u'U16', u'U17', u'U18', u'U19', u'U20']
10-21 16:54:55 replicate_layout.replicatelayout 259:Footprints raw sheet ids:
[u'/60F4E92A/60F6A6DA', u'/5EF17819/60F6A6DA', u'/5EF23030/60F6A6DA', u'/5EF259E1/60F6A6DA', u'/5EF27E4C/60F6A6DA', u'/5F7AB892/60F6A6DA', u'/5F7AB8B0/60F6A6DA', u'/5F7AB8CC/60F6A6DA', u'/5F7AB8E8/60F6A6DA', u'/5F7AB904/60F6A6DA', u'/5F842B3B/60F6A6DA', u'/5F842B59/60F6A6DA', u'/5F842B75/60F6A6DA', u'/5F842B91/60F6A6DA', u'/5F842BAD/60F6A6DA', u'/5F842BEF/60F6A6DA', u'/5F842C0D/60F6A6DA', u'/5F842C29/60F6A6DA', u'/5F842C45/60F6A6DA', u'/5F842C61/60F6A6DA']
10-21 16:54:55 replicate_layout.replicatelayout 275:All sheets to replicate:
[['555_astable'], ['sheet5EF17814'], ['sheet5EF2302B'], ['sheet5EF259DC'], ['sheet5EF27E47'], ['sheet5F7AB889'], ['sheet5F7AB88A'], ['sheet5F7AB88B'], ['sheet5F7AB88C'], ['sheet5F7AB88D'], ['sheet5F842B2D'], ['sheet5F842B2E'], ['sheet5F842B2F'], ['sheet5F842B30'], ['sheet5F842B31'], ['sheet5F842B32'], ['sheet5F842B33'], ['sheet5F842B34'], ['sheet5F842B35'], ['sheet5F842B36']]
10-21 16:54:55 replicate_layout.replicatelayout 280:All sheets to replicate sorted:
[['555_astable'], ['sheet5EF17814'], ['sheet5EF2302B'], ['sheet5EF259DC'], ['sheet5EF27E47'], ['sheet5F7AB889'], ['sheet5F7AB88A'], ['sheet5F7AB88B'], ['sheet5F7AB88C'], ['sheet5F7AB88D'], ['sheet5F842B2D'], ['sheet5F842B2E'], ['sheet5F842B2F'], ['sheet5F842B30'], ['sheet5F842B31'], ['sheet5F842B32'], ['sheet5F842B33'], ['sheet5F842B34'], ['sheet5F842B35'], ['sheet5F842B36']]
10-21 16:54:55 replicate_layout.replicatelayout 286:All sheets to replicate sorted and without source sheet:
[['sheet5EF17814'], ['sheet5EF2302B'], ['sheet5EF259DC'], ['sheet5EF27E47'], ['sheet5F7AB889'], ['sheet5F7AB88A'], ['sheet5F7AB88B'], ['sheet5F7AB88C'], ['sheet5F7AB88D'], ['sheet5F842B2D'], ['sheet5F842B2E'], ['sheet5F842B2F'], ['sheet5F842B30'], ['sheet5F842B31'], ['sheet5F842B32'], ['sheet5F842B33'], ['sheet5F842B34'], ['sheet5F842B35'], ['sheet5F842B36']]
10-21 16:55:00 replicate_layout.replicatelayout 245:construcing a list of sheets suitable for replication on level:'555_astable', file:u'555_astable.sch'
10-21 16:55:00 replicate_layout.replicatelayout 252:Source sheet path up to the level:['555_astable']
10-21 16:55:00 replicate_layout.replicatelayout 256:Footprints on the sheets:
[u'U1', u'U2', u'U3', u'U4', u'U5', u'U6', u'U7', u'U8', u'U9', u'U10', u'U11', u'U12', u'U13', u'U14', u'U15', u'U16', u'U17', u'U18', u'U19', u'U20']
10-21 16:55:00 replicate_layout.replicatelayout 259:Footprints raw sheet ids:
[u'/60F4E92A/60F6A6DA', u'/5EF17819/60F6A6DA', u'/5EF23030/60F6A6DA', u'/5EF259E1/60F6A6DA', u'/5EF27E4C/60F6A6DA', u'/5F7AB892/60F6A6DA', u'/5F7AB8B0/60F6A6DA', u'/5F7AB8CC/60F6A6DA', u'/5F7AB8E8/60F6A6DA', u'/5F7AB904/60F6A6DA', u'/5F842B3B/60F6A6DA', u'/5F842B59/60F6A6DA', u'/5F842B75/60F6A6DA', u'/5F842B91/60F6A6DA', u'/5F842BAD/60F6A6DA', u'/5F842BEF/60F6A6DA', u'/5F842C0D/60F6A6DA', u'/5F842C29/60F6A6DA', u'/5F842C45/60F6A6DA', u'/5F842C61/60F6A6DA']
10-21 16:55:00 replicate_layout.replicatelayout 275:All sheets to replicate:
[['555_astable'], ['sheet5EF17814'], ['sheet5EF2302B'], ['sheet5EF259DC'], ['sheet5EF27E47'], ['sheet5F7AB889'], ['sheet5F7AB88A'], ['sheet5F7AB88B'], ['sheet5F7AB88C'], ['sheet5F7AB88D'], ['sheet5F842B2D'], ['sheet5F842B2E'], ['sheet5F842B2F'], ['sheet5F842B30'], ['sheet5F842B31'], ['sheet5F842B32'], ['sheet5F842B33'], ['sheet5F842B34'], ['sheet5F842B35'], ['sheet5F842B36']]
10-21 16:55:00 replicate_layout.replicatelayout 280:All sheets to replicate sorted:
[['555_astable'], ['sheet5EF17814'], ['sheet5EF2302B'], ['sheet5EF259DC'], ['sheet5EF27E47'], ['sheet5F7AB889'], ['sheet5F7AB88A'], ['sheet5F7AB88B'], ['sheet5F7AB88C'], ['sheet5F7AB88D'], ['sheet5F842B2D'], ['sheet5F842B2E'], ['sheet5F842B2F'], ['sheet5F842B30'], ['sheet5F842B31'], ['sheet5F842B32'], ['sheet5F842B33'], ['sheet5F842B34'], ['sheet5F842B35'], ['sheet5F842B36']]
10-21 16:55:00 replicate_layout.replicatelayout 286:All sheets to replicate sorted and without source sheet:
[['sheet5EF17814'], ['sheet5EF2302B'], ['sheet5EF259DC'], ['sheet5EF27E47'], ['sheet5F7AB889'], ['sheet5F7AB88A'], ['sheet5F7AB88B'], ['sheet5F7AB88C'], ['sheet5F7AB88D'], ['sheet5F842B2D'], ['sheet5F842B2E'], ['sheet5F842B2F'], ['sheet5F842B30'], ['sheet5F842B31'], ['sheet5F842B32'], ['sheet5F842B33'], ['sheet5F842B34'], ['sheet5F842B35'], ['sheet5F842B36']]
10-21 16:55:00 replicate_layout.action_replicate_layout 179:Replicating layout
10-21 16:55:00 replicate_layout.replicatelayout 986:Starting replication of sheets: [['sheet5EF17814'], ['sheet5EF2302B'], ['sheet5EF259DC'], ['sheet5EF27E47'], ['sheet5F7AB889'], ['sheet5F7AB88A'], ['sheet5F7AB88B'], ['sheet5F7AB88C'], ['sheet5F7AB88D'], ['sheet5F842B2D'], ['sheet5F842B2E'], ['sheet5F842B2F'], ['sheet5F842B30'], ['sheet5F842B31'], ['sheet5F842B32'], ['sheet5F842B33'], ['sheet5F842B34'], ['sheet5F842B35'], ['sheet5F842B36']]
on level: ['555_astable']
with tracks=True, zone=False, text=False, containing=True, remove=False, locked=False
10-21 16:55:00 root 261:updating GUI message: 'Preparing for replication'
10-21 16:55:00 replicate_layout.replicatelayout 552:Getting the list of source footprints
10-21 16:55:00 root 266:updating GUI with: 0
10-21 16:55:00 replicate_layout.replicatelayout 556:Getting the list of all the remaining footprints
10-21 16:55:00 replicate_layout.replicatelayout 560:Getting nets local to source footprints
10-21 16:55:00 replicate_layout.replicatelayout 564:Getting source bounding box
10-21 16:55:00 root 266:updating GUI with: 37
10-21 16:55:00 replicate_layout.replicatelayout 568:Getting source tracks
10-21 16:55:00 replicate_layout.replicatelayout 572:Getting source zones
10-21 16:55:00 root 266:updating GUI with: 62
10-21 16:55:00 replicate_layout.replicatelayout 576:Getting source text items
10-21 16:55:00 replicate_layout.replicatelayout 580:Getting source text items
10-21 16:55:00 root 261:updating GUI message: 'Replicating footprints'
10-21 16:55:00 replicate_layout.replicatelayout 586:Replicating footprints
10-21 16:55:00 replicate_layout.replicatelayout 592:Replicating footprints on sheet ['sheet5EF17814']
10-21 16:55:00 root 266:updating GUI with: 1
10-21 16:55:00 replicate_layout.replicatelayout 592:Replicating footprints on sheet ['sheet5EF2302B']
10-21 16:55:00 root 266:updating GUI with: 5
10-21 16:55:01 root 266:updating GUI with: 6
10-21 16:55:01 replicate_layout.replicatelayout 592:Replicating footprints on sheet ['sheet5EF259DC']
10-21 16:55:01 root 266:updating GUI with: 11
10-21 16:55:01 replicate_layout.replicatelayout 592:Replicating footprints on sheet ['sheet5EF27E47']
10-21 16:55:01 root 266:updating GUI with: 16
10-21 16:55:01 root 266:updating GUI with: 17
10-21 16:55:01 replicate_layout.replicatelayout 592:Replicating footprints on sheet ['sheet5F7AB889']
10-21 16:55:01 root 266:updating GUI with: 22
10-21 16:55:01 replicate_layout.replicatelayout 592:Replicating footprints on sheet ['sheet5F7AB88A']
10-21 16:55:01 root 266:updating GUI with: 26
10-21 16:55:01 root 266:updating GUI with: 27
10-21 16:55:01 replicate_layout.replicatelayout 592:Replicating footprints on sheet ['sheet5F7AB88B']
10-21 16:55:01 root 266:updating GUI with: 32
10-21 16:55:01 replicate_layout.replicatelayout 592:Replicating footprints on sheet ['sheet5F7AB88C']
10-21 16:55:01 root 266:updating GUI with: 37
10-21 16:55:01 root 266:updating GUI with: 37
10-21 16:55:01 replicate_layout.replicatelayout 592:Replicating footprints on sheet ['sheet5F7AB88D']
10-21 16:55:01 root 266:updating GUI with: 43
10-21 16:55:01 replicate_layout.replicatelayout 592:Replicating footprints on sheet ['sheet5F842B2D']
10-21 16:55:01 root 266:updating GUI with: 48
10-21 16:55:01 replicate_layout.replicatelayout 592:Replicating footprints on sheet ['sheet5F842B2E']
10-21 16:55:01 root 266:updating GUI with: 53
10-21 16:55:01 replicate_layout.replicatelayout 592:Replicating footprints on sheet ['sheet5F842B2F']
10-21 16:55:01 root 266:updating GUI with: 58
10-21 16:55:01 replicate_layout.replicatelayout 592:Replicating footprints on sheet ['sheet5F842B30']
10-21 16:55:01 root 266:updating GUI with: 64
10-21 16:55:01 replicate_layout.replicatelayout 592:Replicating footprints on sheet ['sheet5F842B31']
10-21 16:55:01 root 266:updating GUI with: 68
10-21 16:55:01 root 266:updating GUI with: 70
10-21 16:55:01 replicate_layout.replicatelayout 592:Replicating footprints on sheet ['sheet5F842B32']
10-21 16:55:01 root 266:updating GUI with: 74
10-21 16:55:01 replicate_layout.replicatelayout 592:Replicating footprints on sheet ['sheet5F842B33']
10-21 16:55:01 root 266:updating GUI with: 80
10-21 16:55:01 replicate_layout.replicatelayout 592:Replicating footprints on sheet ['sheet5F842B34']
10-21 16:55:01 root 266:updating GUI with: 84
10-21 16:55:01 root 266:updating GUI with: 85
10-21 16:55:01 replicate_layout.replicatelayout 592:Replicating footprints on sheet ['sheet5F842B35']
10-21 16:55:01 root 266:updating GUI with: 90
10-21 16:55:01 root 266:updating GUI with: 94
10-21 16:55:01 replicate_layout.replicatelayout 592:Replicating footprints on sheet ['sheet5F842B36']
10-21 16:55:01 root 266:updating GUI with: 95
10-21 16:55:01 root 261:updating GUI message: 'Replicating tracks'
10-21 16:55:01 replicate_layout.replicatelayout 712:Replicating tracks
10-21 16:55:01 root 266:updating GUI with: 0
10-21 16:55:01 replicate_layout.replicatelayout 718:Replicating tracks on sheet ['sheet5EF17814']
10-21 16:55:01 replicate_layout.replicatelayout 718:Replicating tracks on sheet ['sheet5EF2302B']
10-21 16:55:01 root 266:updating GUI with: 5
10-21 16:55:01 replicate_layout.replicatelayout 718:Replicating tracks on sheet ['sheet5EF259DC']
10-21 16:55:01 replicate_layout.replicatelayout 718:Replicating tracks on sheet ['sheet5EF27E47']
10-21 16:55:01 root 266:updating GUI with: 15
10-21 16:55:01 replicate_layout.replicatelayout 718:Replicating tracks on sheet ['sheet5F7AB889']
10-21 16:55:01 replicate_layout.replicatelayout 718:Replicating tracks on sheet ['sheet5F7AB88A']
10-21 16:55:01 root 266:updating GUI with: 26
10-21 16:55:01 replicate_layout.replicatelayout 718:Replicating tracks on sheet ['sheet5F7AB88B']
10-21 16:55:01 replicate_layout.replicatelayout 718:Replicating tracks on sheet ['sheet5F7AB88C']
10-21 16:55:01 root 266:updating GUI with: 37
10-21 16:55:01 replicate_layout.replicatelayout 718:Replicating tracks on sheet ['sheet5F7AB88D']
10-21 16:55:01 replicate_layout.replicatelayout 718:Replicating tracks on sheet ['sheet5F842B2D']
10-21 16:55:01 root 266:updating GUI with: 47
10-21 16:55:01 replicate_layout.replicatelayout 718:Replicating tracks on sheet ['sheet5F842B2E']
10-21 16:55:01 replicate_layout.replicatelayout 718:Replicating tracks on sheet ['sheet5F842B2F']
10-21 16:55:01 root 266:updating GUI with: 58
10-21 16:55:01 replicate_layout.replicatelayout 718:Replicating tracks on sheet ['sheet5F842B30']
10-21 16:55:01 replicate_layout.replicatelayout 718:Replicating tracks on sheet ['sheet5F842B31']
10-21 16:55:01 root 266:updating GUI with: 68
10-21 16:55:01 replicate_layout.replicatelayout 718:Replicating tracks on sheet ['sheet5F842B32']
10-21 16:55:01 replicate_layout.replicatelayout 718:Replicating tracks on sheet ['sheet5F842B33']
10-21 16:55:01 root 266:updating GUI with: 79
10-21 16:55:01 replicate_layout.replicatelayout 718:Replicating tracks on sheet ['sheet5F842B34']
10-21 16:55:01 replicate_layout.replicatelayout 718:Replicating tracks on sheet ['sheet5F842B35']
10-21 16:55:01 root 266:updating GUI with: 89
10-21 16:55:01 replicate_layout.replicatelayout 718:Replicating tracks on sheet ['sheet5F842B36']
10-21 16:55:01 replicate_layout.action_replicate_layout 201:Replication complete
